#
# There is insufficient memory for the Java Runtime Environment to continue.
# Native memory allocation (mmap) failed to map 134217728 bytes for G1 virtual space
# Possible reasons:
#   The system is out of physical RAM or swap space
#   The process is running with CompressedOops enabled, and the Java Heap may be blocking the growth of the native heap
# Possible solutions:
#   Reduce memory load on the system
#   Increase physical memory or swap space
#   Check if swap backing store is full
#   Decrease Java heap size (-Xmx/-Xms)
#   Decrease number of Java threads
#   Decrease Java thread stack sizes (-Xss)
#   Set larger code cache with -XX:ReservedCodeCacheSize=
#   JVM is running with Unscaled Compressed Oops mode in which the Java heap is
#     placed in the first 4GB address space. The Java Heap base address is the
#     maximum limit for the native heap growth. Please use -XX:HeapBaseMinAddress
#     to set the Java Heap base and to place the Java Heap above 4GB virtual address.
# This output file may be truncated or incomplete.
#
#  Out of Memory Error (./open/src/hotspot/os/windows/os_windows.cpp:3472), pid=5508, tid=1052
#
# JRE version:  (15.0+36) (build )
# Java VM: Java HotSpot(TM) 64-Bit Server VM (15+36-1562, mixed mode, sharing, tiered, compressed oops, g1 gc, windows-amd64)
# No core dump will be written. Minidumps are not enabled by default on client versions of Windows
#

---------------  S U M M A R Y ------------

Command Line: -Dfile.encoding=Cp1252 -XX:+ShowCodeDetailsInExceptionMessages test

Host: Intel(R) Core(TM) i5-8400 CPU @ 2.80GHz, 6 cores, 7G,  Windows 10 , 64 bit Build 19041 (10.0.19041.292)
Time: Thu Oct  1 15:40:25 2020 India Standard Time elapsed time: 0.011186 seconds (0d 0h 0m 0s)

---------------  T H R E A D  ---------------

Current thread (0x0000022553eadf50):  JavaThread "Unknown thread" [_thread_in_vm, id=1052, stack(0x000000c746800000,0x000000c746900000)]

Stack: [0x000000c746800000,0x000000c746900000]
Native frames: (J=compiled Java code, j=interpreted, Vv=VM code, C=native code)
V  [jvm.dll+0x629eaa]
V  [jvm.dll+0x780379]
V  [jvm.dll+0x781ad3]
V  [jvm.dll+0x782133]
V  [jvm.dll+0x2159d5]
V  [jvm.dll+0x627299]
V  [jvm.dll+0x61bdd5]
V  [jvm.dll+0x2cf96d]
V  [jvm.dll+0x2cf7d2]
V  [jvm.dll+0x2d57ac]
V  [jvm.dll+0x32523a]
V  [jvm.dll+0x324904]
V  [jvm.dll+0x2a68ea]
V  [jvm.dll+0x2a7a88]
V  [jvm.dll+0x75d0f1]
V  [jvm.dll+0x333af4]
V  [jvm.dll+0x73d816]
V  [jvm.dll+0x3b68e7]
V  [jvm.dll+0x3b8371]
C  [jli.dll+0x52fb]
C  [ucrtbase.dll+0x21542]
C  [KERNEL32.DLL+0x16fd4]
C  [ntdll.dll+0x4cec1]


---------------  P R O C E S S  ---------------

Threads class SMR info:
_java_thread_list=0x00007ff8b5312fa0, length=0, elements={
}

Java Threads: ( => current thread )

Other Threads:
  0x0000022553eee8c0 GCTaskThread "GC Thread#0" [stack: 0x000000c746900000,0x000000c746a00000] [id=11044]
  0x0000022553f01090 ConcurrentGCThread "G1 Main Marker" [stack: 0x000000c746a00000,0x000000c746b00000] [id=25800]
  0x0000022553f01c10 ConcurrentGCThread "G1 Conc#0" [stack: 0x000000c746b00000,0x000000c746c00000] [id=30724]

[error occurred during error reporting (printing all threads), id 0xc0000005, EXCEPTION_ACCESS_VIOLATION (0xc0000005) at pc=0x00007ff8b4b077b7]

VM state: not at safepoint (not fully initialized)

VM Mutex/Monitor currently owned by a thread:  ([mutex/lock_event])
[0x0000022553eaa780] Heap_lock - owner thread: 0x0000022553eadf50

Heap address: 0x0000000080e00000, size: 2034 MB, Compressed Oops mode: 32-bit
CDS archive(s) mapped at: [0x0000000000000000-0x0000000000000000-0x0000000000000000), size 0, SharedBaseAddress: 0x0000000800000000, ArchiveRelocationMode: 0.
Narrow klass base: 0x0000000000000000, Narrow klass shift: 0, Narrow klass range: 0x0

Heap:
 garbage-first heap   total 131072K, used 0K [0x0000000080e00000, 0x0000000100000000)
  region size 1024K, 0 young (0K), 0 survivors (0K)
 Metaspace       used 0K, capacity 0K, committed 0K, reserved 0K
  class space    used 0K, capacity 0K, committed 0K, reserved 0K

Heap Regions: E=young(eden), S=young(survivor), O=old, HS=humongous(starts), HC=humongous(continues), CS=collection set, F=free, OA=open archive, CA=closed archive, TAMS=top-at-mark-start (previous, next)

Card table byte_map: [0x000002256b600000,0x000002256ba00000] _byte_map_base: 0x000002256b1f9000

Marking Bits (Prev, Next): (CMBitMap*) 0x0000022553ef0050, (CMBitMap*) 0x0000022553ef0090
 Prev Bits: [0x000002256be00000, 0x000002256ddc8000)
 Next Bits: [0x000002256ddd0000, 0x000002256fd98000)

GC Heap History (0 events):
No events

Deoptimization events (0 events):
No events

Classes unloaded (0 events):
No events

Classes redefined (0 events):
No events

Internal exceptions (0 events):
No events

Events (1 events):
Event: 0.006 Loaded shared library C:\Program Files\Java\jdk-15\bin\java.dll


Dynamic libraries:
0x00007ff6f7130000 - 0x00007ff6f713f000 	C:\Program Files\Java\jdk-15\bin\javaw.exe
0x00007ff93a830000 - 0x00007ff93aa25000 	C:\WINDOWS\SYSTEM32\ntdll.dll
0x00007ff938f90000 - 0x00007ff93904d000 	C:\WINDOWS\System32\KERNEL32.DLL
0x00007ff9383d0000 - 0x00007ff938697000 	C:\WINDOWS\System32\KERNELBASE.dll
0x00007ff9381f0000 - 0x00007ff9382f0000 	C:\WINDOWS\System32\ucrtbase.dll
0x00007ff925300000 - 0x00007ff925319000 	C:\Program Files\Java\jdk-15\bin\VCRUNTIME140.dll
0x00007ff9348d0000 - 0x00007ff9348e8000 	C:\Program Files\Java\jdk-15\bin\jli.dll
0x00007ff938ec0000 - 0x00007ff938f6a000 	C:\WINDOWS\System32\ADVAPI32.dll
0x00007ff93a5d0000 - 0x00007ff93a66e000 	C:\WINDOWS\System32\msvcrt.dll
0x00007ff93a090000 - 0x00007ff93a12b000 	C:\WINDOWS\System32\sechost.dll
0x00007ff9399f0000 - 0x00007ff939b13000 	C:\WINDOWS\System32\RPCRT4.dll
0x00007ff939d30000 - 0x00007ff939ed0000 	C:\WINDOWS\System32\USER32.dll
0x00007ff9265c0000 - 0x00007ff92685a000 	C:\WINDOWS\WinSxS\amd64_microsoft.windows.common-controls_6595b64144ccf1df_6.0.19041.1_none_b555e41d4684ddec\COMCTL32.dll
0x00007ff939c50000 - 0x00007ff939c7a000 	C:\WINDOWS\System32\GDI32.dll
0x00007ff9382f0000 - 0x00007ff938312000 	C:\WINDOWS\System32\win32u.dll
0x00007ff937f80000 - 0x00007ff93808a000 	C:\WINDOWS\System32\gdi32full.dll
0x00007ff930850000 - 0x00007ff93085a000 	C:\WINDOWS\SYSTEM32\VERSION.dll
0x00007ff938700000 - 0x00007ff93879d000 	C:\WINDOWS\System32\msvcp_win.dll
0x00007ff93a240000 - 0x00007ff93a270000 	C:\WINDOWS\System32\IMM32.DLL
0x00007ff934a10000 - 0x00007ff934a1c000 	C:\Program Files\Java\jdk-15\bin\vcruntime140_1.dll
0x00007ff9201c0000 - 0x00007ff920251000 	C:\Program Files\Java\jdk-15\bin\msvcp140.dll
0x00007ff8b4850000 - 0x00007ff8b53ac000 	C:\Program Files\Java\jdk-15\bin\server\jvm.dll
0x00007ff939d20000 - 0x00007ff939d28000 	C:\WINDOWS\System32\PSAPI.DLL
0x00007ff92fe00000 - 0x00007ff92fe27000 	C:\WINDOWS\SYSTEM32\WINMM.dll
0x00007ff9348b0000 - 0x00007ff9348b9000 	C:\WINDOWS\SYSTEM32\WSOCK32.dll
0x00007ff9391e0000 - 0x00007ff93924b000 	C:\WINDOWS\System32\WS2_32.dll
0x00007ff9360c0000 - 0x00007ff9360d3000 	C:\WINDOWS\SYSTEM32\kernel.appcore.dll
0x00007ff934010000 - 0x00007ff93401a000 	C:\Program Files\Java\jdk-15\bin\jimage.dll
0x00007ff935ad0000 - 0x00007ff935cb4000 	C:\WINDOWS\SYSTEM32\DBGHELP.DLL
0x00007ff9262c0000 - 0x00007ff9262ec000 	C:\WINDOWS\SYSTEM32\dbgcore.DLL
0x00007ff9387d0000 - 0x00007ff93884f000 	C:\WINDOWS\System32\bcryptPrimitives.dll
0x00007ff925da0000 - 0x00007ff925dc5000 	C:\Program Files\Java\jdk-15\bin\java.dll

dbghelp: loaded successfully - version: 4.0.5 - missing functions: none
symbol engine: initialized successfully - sym options: 0x614 - pdb path: .;C:\Program Files\Java\jdk-15\bin;C:\WINDOWS\SYSTEM32;C:\WINDOWS\WinSxS\amd64_microsoft.windows.common-controls_6595b64144ccf1df_6.0.19041.1_none_b555e41d4684ddec;C:\Program Files\Java\jdk-15\bin\server

VM Arguments:
jvm_args: -Dfile.encoding=Cp1252 -XX:+ShowCodeDetailsInExceptionMessages 
java_command: test
java_class_path (initial): I:\College\github-repos\calculator-gui-java\Calculator-Source\bin
Launcher Type: SUN_STANDARD

[Global flags]
     intx CICompilerCount                          = 3                                         {product} {ergonomic}
     uint ConcGCThreads                            = 2                                         {product} {ergonomic}
     uint G1ConcRefinementThreads                  = 6                                         {product} {ergonomic}
   size_t G1HeapRegionSize                         = 1048576                                   {product} {ergonomic}
    uintx GCDrainStackTargetSize                   = 64                                        {product} {ergonomic}
   size_t InitialHeapSize                          = 134217728                                 {product} {ergonomic}
   size_t MarkStackSize                            = 4194304                                   {product} {ergonomic}
   size_t MaxHeapSize                              = 2132803584                                {product} {ergonomic}
   size_t MinHeapDeltaBytes                        = 1048576                                   {product} {ergonomic}
   size_t MinHeapSize                              = 8388608                                   {product} {ergonomic}
    uintx NonNMethodCodeHeapSize                   = 5832780                                {pd product} {ergonomic}
    uintx NonProfiledCodeHeapSize                  = 122912730                              {pd product} {ergonomic}
    uintx ProfiledCodeHeapSize                     = 122912730                              {pd product} {ergonomic}
    uintx ReservedCodeCacheSize                    = 251658240                              {pd product} {ergonomic}
     bool SegmentedCodeCache                       = true                                      {product} {ergonomic}
     bool ShowCodeDetailsInExceptionMessages       = true                                   {manageable} {command line}
   size_t SoftMaxHeapSize                          = 2132803584                             {manageable} {ergonomic}
     bool UseCompressedClassPointers               = true                                 {lp64_product} {ergonomic}
     bool UseCompressedOops                        = true                                 {lp64_product} {ergonomic}
     bool UseG1GC                                  = true                                      {product} {ergonomic}
     bool UseLargePagesIndividualAllocation        = false                                  {pd product} {ergonomic}

Logging:
Log output configuration:
 #0: stdout all=warning uptime,level,tags
 #1: stderr all=off uptime,level,tags

Environment Variables:
JAVA_HOME=C:\Program Files\Java\jdk-15
PATH=C:/Program Files/Java/jdk-15/bin/server;C:/Program Files/Java/jdk-15/bin;C:\Program Files\Common Files\Oracle\Java\javapath;C:\WINDOWS\system32;C:\WINDOWS;C:\WINDOWS\System32\Wbem;C:\WINDOWS\System32\WindowsPowerShell\v1.0\;C:\WINDOWS\System32\OpenSSH\;C:\Program Files\NVIDIA Corporation\NVIDIA NvDLISR;C:\Program Files (x86)\NVIDIA Corporation\PhysX\Common;C:\Program Files\nodejs\;C:\ProgramData\chocolatey\bin;C:\Program Files\Git\cmd;C:\Program Files (x86)\Yarn\bin\;C:\Program Files\Java\jdk-15\bin;C:\Program Files\dotnet\;C:\Users\HARI NAGA SAI P\AppData\Local\Programs\Python\Python38-32\Scripts\;C:\Users\HARI NAGA SAI P\AppData\Local\Programs\Python\Python38-32\;C:\Users\HARI NAGA SAI P\AppData\Local\Microsoft\WindowsApps;C:\Users\HARI NAGA SAI P\AppData\Roaming\npm;C:\Users\HARI NAGA SAI P\AppData\Local\Programs\Microsoft VS Code\bin;C:\Users\HARI NAGA SAI P\AppData\Local\atom\bin;C:\Users\HARI NAGA SAI P\anaconda3;C:\Users\HARI NAGA SAI P\AppData\Local\GitHubDesktop\bin;C:\Users\HARI NAGA SAI P\AppData\Local\Yarn\bin;C:\WINDOWS\system32;
USERNAME=HARI NAGA SAI P
OS=Windows_NT
PROCESSOR_IDENTIFIER=Intel64 Family 6 Model 158 Stepping 10, GenuineIntel



---------------  S Y S T E M  ---------------

OS:
 Windows 10 , 64 bit Build 19041 (10.0.19041.292)
OS uptime: 0 days 6:54 hours
HyperV virtualization detected

CPU: total 6 (initial active 6) (6 cores per cpu, 1 threads per core) family 6 model 158 stepping 10, cmov, cx8, fxsr, mmx, sse, sse2, sse3, ssse3, sse4.1, sse4.2, popcnt, vzeroupper, avx, avx2, aes, clmul, erms, 3dnowpref, lzcnt, tsc, tscinvbit, bmi1, bmi2, adx, fma, clflush, clflushopt

Memory: 4k page, system-wide physical 8128M (424M free)
TotalPageFile size 32704M (AvailPageFile size 42M)
current process WorkingSet (physical memory assigned to process): 10M, peak: 10M
current process commit charge ("private bytes"): 56M, peak: 184M

vm_info: Java HotSpot(TM) 64-Bit Server VM (15+36-1562) for windows-amd64 JRE (15+36-1562), built on Aug 11 2020 22:38:02 by "mach5one" with unknown MS VC++:1925

END.
